<?xml version="1.0" encoding="UTF-8"?>
<!-- Generated by org.testng.reporters.JUnitXMLReporter -->
<testsuite ignored="2" hostname="Apoorvs-MacBook-Air.local" failures="0" tests="1" name="Default test" time="22.84" errors="0" timestamp="2024-02-19T15:17:02 IST">
  <testcase classname="testcases.LoginTest" name="test4" time="8.886"/>
  <testcase classname="testcases.LoginTest" name="test2" time="0.0">
    <ignored/>
  </testcase> <!-- test2 -->
  <testcase classname="testcases.LoginTest" name="test1" time="0.0">
    <ignored/>
  </testcase> <!-- test1 -->
</testsuite> <!-- Default test -->
