<?xml version="1.0" encoding="UTF-8"?>
<!-- Generated by org.testng.reporters.JUnitXMLReporter -->
<testsuite ignored="2" hostname="Apoorvs-MacBook-Air.local" failures="0" tests="3" name="Test" time="101.053" errors="0" timestamp="2024-02-18T22:21:12 IST">
  <testcase classname="testcases.BaseClass" name="@BeforeMethod setUp" time="0.038">
    <failure type="java.lang.NullPointerException" message="Cannot invoke &amp;quot;com.relevantcodes.extentreports.ExtentReports.startTest(String)&amp;quot; because &amp;quot;this.report&amp;quot; is null">
      <![CDATA[java.lang.NullPointerException: Cannot invoke "com.relevantcodes.extentreports.ExtentReports.startTest(String)" because "this.report" is null
at testcases.BaseClass.setUp(BaseClass.java:36)
at java.base/java.util.ArrayList.forEach(ArrayList.java:1511)
... Removed 31 stack frames]]>
    </failure>
  </testcase> <!-- @BeforeMethod setUp -->
  <testcase classname="testcases.BaseClass" name="@AfterMethod tearDown" time="0.0">
    <skipped/>
  </testcase> <!-- @AfterMethod tearDown -->
  <testcase classname="testcases.LoginTest" name="test1" time="8.782"/>
  <testcase classname="testcases.LoginTest" name="test2" time="40.398"/>
  <testcase classname="testcases.HomePageTest" name="test3" time="0.001">
    <skipped/>
  </testcase> <!-- test3 -->
  <testcase classname="testcases.BaseClass" name="@AfterTest ReportClean" time="0.0">
    <ignored/>
  </testcase> <!-- @AfterTest ReportClean -->
  <testcase classname="testcases.BaseClass" name="@BeforeTest reportSetUp" time="0.0">
    <ignored/>
  </testcase> <!-- @BeforeTest reportSetUp -->
</testsuite> <!-- Test -->
