<?xml version="1.0" encoding="UTF-8"?>
<!-- Generated by org.testng.reporters.JUnitXMLReporter -->
<testsuite ignored="0" hostname="Apoorvs-MacBook-Air.local" failures="0" tests="3" name="Test" time="55.441" errors="0" timestamp="2024-02-20T12:05:27 IST">
  <testcase classname="testcases.LoginTest" name="test1" time="13.393"/>
  <testcase classname="testcases.LoginTest" name="test2" time="8.546"/>
  <testcase classname="testcases.LoginTest" name="test4" time="7.619"/>
</testsuite> <!-- Test -->
