<?xml version="1.0" encoding="UTF-8"?>
<testng-results ignored="0" total="3" passed="3" failed="0" skipped="0">
  <reporter-output>
  </reporter-output>
  <suite started-at="2024-02-20T12:04:26 IST" name="Suite" finished-at="2024-02-20T12:05:22 IST" duration-ms="55441">
    <groups>
    </groups>
    <test started-at="2024-02-20T12:04:26 IST" name="Test" finished-at="2024-02-20T12:05:22 IST" duration-ms="55441">
      <class name="testcases.LoginTest">
        <test-method is-config="true" signature="reportSetUp()[pri:0, instance:testcases.LoginTest@6ac13091]" started-at="2024-02-20T12:04:26 IST" name="reportSetUp" finished-at="2024-02-20T12:04:33 IST" duration-ms="6483" status="PASS">
          <reporter-output>
          </reporter-output>
        </test-method> <!-- reportSetUp -->
        <test-method is-config="true" signature="setUp(java.lang.reflect.Method)[pri:0, instance:testcases.LoginTest@6ac13091]" started-at="2024-02-20T12:04:33 IST" name="setUp" finished-at="2024-02-20T12:04:43 IST" duration-ms="9857" status="PASS">
          <params>
            <param index="0">
              <value>
                <![CDATA[public void testcases.LoginTest.test1()]]>
              </value>
            </param>
          </params>
          <reporter-output>
          </reporter-output>
        </test-method> <!-- setUp -->
        <test-method signature="test1()[pri:0, instance:testcases.LoginTest@6ac13091]" started-at="2024-02-20T12:04:43 IST" name="test1" finished-at="2024-02-20T12:04:56 IST" duration-ms="13393" status="PASS">
          <reporter-output>
          </reporter-output>
        </test-method> <!-- test1 -->
        <test-method is-config="true" signature="tearDown()[pri:0, instance:testcases.LoginTest@6ac13091]" started-at="2024-02-20T12:04:56 IST" name="tearDown" finished-at="2024-02-20T12:04:56 IST" duration-ms="316" status="PASS">
          <reporter-output>
          </reporter-output>
        </test-method> <!-- tearDown -->
        <test-method is-config="true" signature="setUp(java.lang.reflect.Method)[pri:0, instance:testcases.LoginTest@6ac13091]" started-at="2024-02-20T12:04:56 IST" name="setUp" finished-at="2024-02-20T12:05:00 IST" duration-ms="4062" status="PASS">
          <params>
            <param index="0">
              <value>
                <![CDATA[public void testcases.LoginTest.test2()]]>
              </value>
            </param>
          </params>
          <reporter-output>
          </reporter-output>
        </test-method> <!-- setUp -->
        <test-method signature="test2()[pri:0, instance:testcases.LoginTest@6ac13091]" started-at="2024-02-20T12:05:00 IST" name="test2" finished-at="2024-02-20T12:05:09 IST" duration-ms="8546" status="PASS">
          <reporter-output>
          </reporter-output>
        </test-method> <!-- test2 -->
        <test-method is-config="true" signature="tearDown()[pri:0, instance:testcases.LoginTest@6ac13091]" started-at="2024-02-20T12:05:09 IST" name="tearDown" finished-at="2024-02-20T12:05:09 IST" duration-ms="309" status="PASS">
          <reporter-output>
          </reporter-output>
        </test-method> <!-- tearDown -->
        <test-method is-config="true" signature="setUp(java.lang.reflect.Method)[pri:0, instance:testcases.LoginTest@6ac13091]" started-at="2024-02-20T12:05:09 IST" name="setUp" finished-at="2024-02-20T12:05:13 IST" duration-ms="4012" status="PASS">
          <params>
            <param index="0">
              <value>
                <![CDATA[public void testcases.LoginTest.test4(java.lang.reflect.Method) throws com.codoid.products.exception.FilloException]]>
              </value>
            </param>
          </params>
          <reporter-output>
          </reporter-output>
        </test-method> <!-- setUp -->
        <test-method signature="test4(java.lang.reflect.Method)[pri:0, instance:testcases.LoginTest@6ac13091]" started-at="2024-02-20T12:05:13 IST" name="test4" finished-at="2024-02-20T12:05:21 IST" duration-ms="7619" status="PASS">
          <params>
            <param index="0">
              <value>
                <![CDATA[public void testcases.LoginTest.test4(java.lang.reflect.Method) throws com.codoid.products.exception.FilloException]]>
              </value>
            </param>
          </params>
          <reporter-output>
          </reporter-output>
        </test-method> <!-- test4 -->
        <test-method is-config="true" signature="tearDown()[pri:0, instance:testcases.LoginTest@6ac13091]" started-at="2024-02-20T12:05:21 IST" name="tearDown" finished-at="2024-02-20T12:05:21 IST" duration-ms="260" status="PASS">
          <reporter-output>
          </reporter-output>
        </test-method> <!-- tearDown -->
        <test-method is-config="true" signature="ReportClean()[pri:0, instance:testcases.LoginTest@6ac13091]" started-at="2024-02-20T12:05:21 IST" name="ReportClean" finished-at="2024-02-20T12:05:22 IST" duration-ms="514" status="PASS">
          <reporter-output>
          </reporter-output>
        </test-method> <!-- ReportClean -->
      </class> <!-- testcases.LoginTest -->
    </test> <!-- Test -->
  </suite> <!-- Suite -->
</testng-results>
