<?xml version="1.0" encoding="UTF-8"?>
<testng-results ignored="0" total="1" passed="1" failed="0" skipped="0">
  <reporter-output>
  </reporter-output>
  <suite started-at="2024-02-19T15:16:34 IST" name="Default suite" finished-at="2024-02-19T15:16:57 IST" duration-ms="22840">
    <groups>
    </groups>
    <test started-at="2024-02-19T15:16:34 IST" name="Default test" finished-at="2024-02-19T15:16:57 IST" duration-ms="22840">
      <class name="testcases.LoginTest">
        <test-method is-config="true" signature="reportSetUp()[pri:0, instance:testcases.LoginTest@62150f9e]" started-at="2024-02-19T15:16:34 IST" name="reportSetUp" finished-at="2024-02-19T15:16:40 IST" duration-ms="6288" status="PASS">
          <reporter-output>
          </reporter-output>
        </test-method> <!-- reportSetUp -->
        <test-method is-config="true" signature="setUp(java.lang.reflect.Method)[pri:0, instance:testcases.LoginTest@62150f9e]" started-at="2024-02-19T15:16:40 IST" name="setUp" finished-at="2024-02-19T15:16:47 IST" duration-ms="6848" status="PASS">
          <params>
            <param index="0">
              <value>
                <![CDATA[public void testcases.LoginTest.test4(java.lang.reflect.Method) throws com.codoid.products.exception.FilloException]]>
              </value>
            </param>
          </params>
          <reporter-output>
          </reporter-output>
        </test-method> <!-- setUp -->
        <test-method signature="test4(java.lang.reflect.Method)[pri:0, instance:testcases.LoginTest@62150f9e]" started-at="2024-02-19T15:16:47 IST" name="test4" finished-at="2024-02-19T15:16:56 IST" duration-ms="8886" status="PASS">
          <params>
            <param index="0">
              <value>
                <![CDATA[public void testcases.LoginTest.test4(java.lang.reflect.Method) throws com.codoid.products.exception.FilloException]]>
              </value>
            </param>
          </params>
          <reporter-output>
          </reporter-output>
        </test-method> <!-- test4 -->
        <test-method is-config="true" signature="tearDown()[pri:0, instance:testcases.LoginTest@62150f9e]" started-at="2024-02-19T15:16:56 IST" name="tearDown" finished-at="2024-02-19T15:16:56 IST" duration-ms="266" status="PASS">
          <reporter-output>
          </reporter-output>
        </test-method> <!-- tearDown -->
        <test-method is-config="true" signature="ReportClean()[pri:0, instance:testcases.LoginTest@62150f9e]" started-at="2024-02-19T15:16:56 IST" name="ReportClean" finished-at="2024-02-19T15:16:57 IST" duration-ms="483" status="PASS">
          <reporter-output>
          </reporter-output>
        </test-method> <!-- ReportClean -->
      </class> <!-- testcases.LoginTest -->
    </test> <!-- Default test -->
  </suite> <!-- Default suite -->
</testng-results>
