<?xml version="1.0" encoding="UTF-8"?>
<testng-results ignored="0" total="1" passed="1" failed="0" skipped="0">
  <reporter-output>
  </reporter-output>
  <suite started-at="2024-02-20T15:18:32 IST" name="Suite" finished-at="2024-02-20T15:18:48 IST" duration-ms="15588">
    <groups>
    </groups>
    <test started-at="2024-02-20T15:18:32 IST" name="Test" finished-at="2024-02-20T15:18:48 IST" duration-ms="15588">
      <class name="testcases.HomePageTest">
        <test-method is-config="true" signature="reportSetUp()[pri:0, instance:testcases.HomePageTest@1d9b7cce]" started-at="2024-02-20T15:18:32 IST" name="reportSetUp" finished-at="2024-02-20T15:18:39 IST" duration-ms="6331" status="PASS">
          <reporter-output>
          </reporter-output>
        </test-method> <!-- reportSetUp -->
        <test-method is-config="true" signature="setUp(java.lang.reflect.Method)[pri:0, instance:testcases.HomePageTest@1d9b7cce]" started-at="2024-02-20T15:18:39 IST" name="setUp" finished-at="2024-02-20T15:18:47 IST" duration-ms="8204" status="PASS">
          <params>
            <param index="0">
              <value>
                <![CDATA[public void testcases.HomePageTest.test3()]]>
              </value>
            </param>
          </params>
          <reporter-output>
          </reporter-output>
        </test-method> <!-- setUp -->
        <test-method signature="test3()[pri:0, instance:testcases.HomePageTest@1d9b7cce]" started-at="2024-02-20T15:18:47 IST" name="test3" finished-at="2024-02-20T15:18:47 IST" duration-ms="11" status="PASS">
          <reporter-output>
          </reporter-output>
        </test-method> <!-- test3 -->
        <test-method is-config="true" signature="tearDown()[pri:0, instance:testcases.HomePageTest@1d9b7cce]" started-at="2024-02-20T15:18:47 IST" name="tearDown" finished-at="2024-02-20T15:18:47 IST" duration-ms="297" status="PASS">
          <reporter-output>
          </reporter-output>
        </test-method> <!-- tearDown -->
        <test-method is-config="true" signature="ReportClean()[pri:0, instance:testcases.HomePageTest@1d9b7cce]" started-at="2024-02-20T15:18:47 IST" name="ReportClean" finished-at="2024-02-20T15:18:48 IST" duration-ms="661" status="PASS">
          <reporter-output>
          </reporter-output>
        </test-method> <!-- ReportClean -->
      </class> <!-- testcases.HomePageTest -->
    </test> <!-- Test -->
  </suite> <!-- Suite -->
</testng-results>
